<?xml version="1.0" encoding="UTF-8"?>
<!-- Generated by org.testng.reporters.JUnitReportReporter -->
<testsuite hostname="DESKTOP-JD6COHA" name="automationFramework.Verify_Create_Worker_Feature" tests="3" failures="0" timestamp="25 Oct 2017 10:08:09 GMT" time="34.367" errors="0">
  <testcase name="verify_login_page" time="1.969" classname="automationFramework.Verify_Create_Worker_Feature"/>
  <testcase name="verify_add_worker_button_present" time="12.381" classname="automationFramework.Verify_Create_Worker_Feature"/>
  <testcase name="verify_create_worker_successfully" time="20.017" classname="automationFramework.Verify_Create_Worker_Feature"/>
</testsuite> <!-- automationFramework.Verify_Create_Worker_Feature -->
