<?xml version="1.0" encoding="UTF-8"?>
<!-- Generated by org.testng.reporters.JUnitReportReporter -->
<testsuite hostname="DESKTOP-JD6COHA" name="automationFramework.Create_Worker_TestCase" tests="1" failures="0" timestamp="25 Oct 2017 07:25:07 GMT" time="6.748" errors="0">
  <testcase name="sample_testcases" time="6.748" classname="automationFramework.Create_Worker_TestCase"/>
</testsuite> <!-- automationFramework.Create_Worker_TestCase -->
